d:\cuda_workplace\mfcapp\debug\mfcapp.pch
d:\cuda_workplace\mfcapp\debug\vc142.pdb
d:\cuda_workplace\mfcapp\debug\vc142.idb
d:\cuda_workplace\mfcapp\debug\pch.obj
d:\cuda_workplace\mfcapp\debug\mfcappdlg.obj
d:\cuda_workplace\mfcapp\debug\mfcapp.obj
d:\cuda_workplace\mfcapp\debug\cmydialog.obj
d:\cuda_workplace\mfcapp\debug\mfcapp.res
d:\cuda_workplace\mfcapp\debug\mfcapp.pdb
d:\cuda_workplace\mfcapp\debug\mfcapp.tlog\cl.command.1.tlog
d:\cuda_workplace\mfcapp\debug\mfcapp.tlog\cl.read.1.tlog
d:\cuda_workplace\mfcapp\debug\mfcapp.tlog\cl.write.1.tlog
d:\cuda_workplace\mfcapp\debug\mfcapp.tlog\link-cvtres.read.1.tlog
d:\cuda_workplace\mfcapp\debug\mfcapp.tlog\link-cvtres.write.1.tlog
d:\cuda_workplace\mfcapp\debug\mfcapp.tlog\link-mt.read.1.tlog
d:\cuda_workplace\mfcapp\debug\mfcapp.tlog\link-mt.write.1.tlog
d:\cuda_workplace\mfcapp\debug\mfcapp.tlog\link-rc.read.1.tlog
d:\cuda_workplace\mfcapp\debug\mfcapp.tlog\link-rc.write.1.tlog
d:\cuda_workplace\mfcapp\debug\mfcapp.tlog\link.8388-cvtres.read.1.tlog
d:\cuda_workplace\mfcapp\debug\mfcapp.tlog\link.8388-cvtres.write.1.tlog
d:\cuda_workplace\mfcapp\debug\mfcapp.tlog\link.8388-mt.read.1.tlog
d:\cuda_workplace\mfcapp\debug\mfcapp.tlog\link.8388-mt.write.1.tlog
d:\cuda_workplace\mfcapp\debug\mfcapp.tlog\link.8388-rc.read.1.tlog
d:\cuda_workplace\mfcapp\debug\mfcapp.tlog\link.8388-rc.write.1.tlog
d:\cuda_workplace\mfcapp\debug\mfcapp.tlog\link.8388.read.1.tlog
d:\cuda_workplace\mfcapp\debug\mfcapp.tlog\link.8388.write.1.tlog
d:\cuda_workplace\mfcapp\debug\mfcapp.tlog\link.command.1.tlog
d:\cuda_workplace\mfcapp\debug\mfcapp.tlog\link.read.1.tlog
d:\cuda_workplace\mfcapp\debug\mfcapp.tlog\link.write.1.tlog
d:\cuda_workplace\mfcapp\debug\mfcapp.tlog\rc.command.1.tlog
d:\cuda_workplace\mfcapp\debug\mfcapp.tlog\rc.read.1.tlog
d:\cuda_workplace\mfcapp\debug\mfcapp.tlog\rc.write.1.tlog
